app/build/outputs/logs/manifest-merger-debug-report.txt
-- Merging decision tree log ---
manifest
ADDED from src\main\AndroidManifest.xml:5:1-41:12
	package
		ADDED from src\main\AndroidManifest.xml:6:7-31
		INJECTED from src\main\AndroidManifest.xml
		INJECTED from src\main\AndroidManifest.xml
	android:versionName
		ADDED from src\main\AndroidManifest.xml:8:7-32
		INJECTED from src\main\AndroidManifest.xml
		INJECTED from src\main\AndroidManifest.xml
	android:versionCode
		ADDED from src\main\AndroidManifest.xml:7:7-30
		INJECTED from src\main\AndroidManifest.xml
		INJECTED from src\main\AndroidManifest.xml
	xmlns:android
		ADDED from src\main\AndroidManifest.xml:5:11-69
	android:installLocation
		ADDED from src\main\AndroidManifest.xml:9:7-37
application
ADDED from src\main\AndroidManifest.xml:20:5-31:19
	android:label
		ADDED from src\main\AndroidManifest.xml:20:18-50
	android:allowBackup
		ADDED from src\main\AndroidManifest.xml:22:18-44
	android:icon
		ADDED from src\main\AndroidManifest.xml:21:18-54
	android:theme
		ADDED from src\main\AndroidManifest.xml:23:18-76
activity#org.libsdl.app.SDLActivity
ADDED from src\main\AndroidManifest.xml:24:9-30:20
	android:label
		ADDED from src\main\AndroidManifest.xml:25:19-51
	android:name
		ADDED from src\main\AndroidManifest.xml:24:19-45
intent-filter#android.intent.action.MAIN+android.intent.category.LAUNCHER
ADDED from src\main\AndroidManifest.xml:26:13-29:29
action#android.intent.action.MAIN
ADDED from src\main\AndroidManifest.xml:27:17-69
	android:name
		ADDED from src\main\AndroidManifest.xml:27:25-66
category#android.intent.category.LAUNCHER
ADDED from src\main\AndroidManifest.xml:28:17-77
	android:name
		ADDED from src\main\AndroidManifest.xml:28:27-74
uses-sdk
ADDED from src\main\AndroidManifest.xml:34:5-74
	android:targetSdkVersion
		ADDED from src\main\AndroidManifest.xml:34:42-71
		INJECTED from src\main\AndroidManifest.xml
		INJECTED from src\main\AndroidManifest.xml
	android:minSdkVersion
		ADDED from src\main\AndroidManifest.xml:34:15-41
		INJECTED from src\main\AndroidManifest.xml
		INJECTED from src\main\AndroidManifest.xml
uses-feature#0x00020000
ADDED from src\main\AndroidManifest.xml:37:5-54
	android:glEsVersion
		ADDED from src\main\AndroidManifest.xml:37:19-51
uses-permission#android.permission.WRITE_EXTERNAL_STORAGE
ADDED from src\main\AndroidManifest.xml:40:5-81
	android:name
		ADDED from src\main\AndroidManifest.xml:40:22-78